[15796:36848:0714/144525.056:WARNING:t_skinfilemap.cpp(56)] SGRenderLog:CheckUpdate newMem.OpenMem failed, szNewMem:Local\sgime_skin.v5.filemap.sogouime err:系统错误2: 系统找不到指定的文件。  
打开Filemap失败: Local\sgime_skin.v5.filemap.sogouime3285e1e0927
[15796:36848:0714/144525.056:WARNING:t_skinfilemap.cpp(65)] SGRenderLog:CheckUpdate finish: old version:1
[15796:36848:0714/144525.056:WARNING:t_skinfilemap.cpp(67)] SGRenderLog:CheckUpdate finish: new version:5
[15796:36848:0714/144525.378:WARNING:t_skinfilemap.cpp(56)] SGRenderLog:CheckUpdate newMem.OpenMem failed, szNewMem:Local\sgime_skin.Dpi120.v5.filemap.sogouime err:系统错误2: 系统找不到指定的文件。  
打开Filemap失败: Local\sgime_skin.Dpi120.v5.filemap.sogouime3285e1e0927
[15796:36848:0714/144525.378:WARNING:t_skinfilemap.cpp(65)] SGRenderLog:CheckUpdate finish: old version:5
[15796:36848:0714/144525.378:WARNING:t_skinfilemap.cpp(67)] SGRenderLog:CheckUpdate finish: new version:5
[15796:26740:0714/144529.003:WARNING:n_flashIPCUtil.cpp(124)] n_flashIPCUtil::IPCNSync t_flashStubImpl::CreateControl
[15796:36848:0714/144529.003:WARNING:t_skinfilemap.cpp(63)] SGRenderLog:CheckUpdate newMem.OpenMem Suc, szNewMem:Local\sgime_skin_flash2553.v9.filemap.sogouime
[15796:36848:0714/144529.003:WARNING:t_skinfilemap.cpp(65)] SGRenderLog:CheckUpdate finish: old version:1
[15796:36848:0714/144529.003:WARNING:t_skinfilemap.cpp(67)] SGRenderLog:CheckUpdate finish: new version:9
[15796:36848:0714/144529.003:WARNING:t_skinfilemap.cpp(63)] SGRenderLog:CheckUpdate newMem.OpenMem Suc, szNewMem:Local\sgime_skin_flash2553.v9.filemap.sogouime
[15796:36848:0714/144529.003:WARNING:t_skinfilemap.cpp(65)] SGRenderLog:CheckUpdate finish: old version:9
[15796:36848:0714/144529.003:WARNING:t_skinfilemap.cpp(67)] SGRenderLog:CheckUpdate finish: new version:9
[28444:29444:0714/145846.258:WARNING:t_skinfilemap.cpp(56)] SGRenderLog:CheckUpdate newMem.OpenMem failed, szNewMem:Local\sgime_skin.v5.filemap.sogouime err:系统错误2: 系统找不到指定的文件。  
打开Filemap失败: Local\sgime_skin.v5.filemap.sogouime3285e1e0927
[28444:29444:0714/145846.258:WARNING:t_skinfilemap.cpp(65)] SGRenderLog:CheckUpdate finish: old version:1
[28444:29444:0714/145846.258:WARNING:t_skinfilemap.cpp(67)] SGRenderLog:CheckUpdate finish: new version:5
[28444:29444:0714/145846.570:WARNING:t_skinfilemap.cpp(63)] SGRenderLog:CheckUpdate newMem.OpenMem Suc, szNewMem:Local\sgime_skin.Dpi120.v5.filemap.sogouime
[28444:29444:0714/145846.570:WARNING:t_skinfilemap.cpp(65)] SGRenderLog:CheckUpdate finish: old version:5
[28444:29444:0714/145846.570:WARNING:t_skinfilemap.cpp(67)] SGRenderLog:CheckUpdate finish: new version:5
[28444:13012:0714/145846.963:WARNING:n_flashIPCUtil.cpp(124)] n_flashIPCUtil::IPCNSync t_flashStubImpl::CreateControl
[28444:29444:0714/145846.964:WARNING:t_skinfilemap.cpp(63)] SGRenderLog:CheckUpdate newMem.OpenMem Suc, szNewMem:Local\sgime_skin_flash2553.v10.filemap.sogouime
[28444:29444:0714/145846.964:WARNING:t_skinfilemap.cpp(65)] SGRenderLog:CheckUpdate finish: old version:1
[28444:29444:0714/145846.964:WARNING:t_skinfilemap.cpp(67)] SGRenderLog:CheckUpdate finish: new version:10
[28444:29444:0714/145846.964:WARNING:t_skinfilemap.cpp(63)] SGRenderLog:CheckUpdate newMem.OpenMem Suc, szNewMem:Local\sgime_skin_flash2553.v10.filemap.sogouime
[28444:29444:0714/145846.964:WARNING:t_skinfilemap.cpp(65)] SGRenderLog:CheckUpdate finish: old version:10
[28444:29444:0714/145846.964:WARNING:t_skinfilemap.cpp(67)] SGRenderLog:CheckUpdate finish: new version:10
[12716:29132:0714/150006.932:WARNING:t_skinfilemap.cpp(56)] SGRenderLog:CheckUpdate newMem.OpenMem failed, szNewMem:Local\sgime_skin.v5.filemap.sogouime err:系统错误2: 系统找不到指定的文件。  
打开Filemap失败: Local\sgime_skin.v5.filemap.sogouime3285e1e0927
[12716:29132:0714/150006.932:WARNING:t_skinfilemap.cpp(65)] SGRenderLog:CheckUpdate finish: old version:1
[12716:29132:0714/150006.932:WARNING:t_skinfilemap.cpp(67)] SGRenderLog:CheckUpdate finish: new version:5
[12716:29132:0714/150007.264:WARNING:t_skinfilemap.cpp(63)] SGRenderLog:CheckUpdate newMem.OpenMem Suc, szNewMem:Local\sgime_skin.Dpi120.v5.filemap.sogouime
[12716:29132:0714/150007.264:WARNING:t_skinfilemap.cpp(65)] SGRenderLog:CheckUpdate finish: old version:5
[12716:29132:0714/150007.264:WARNING:t_skinfilemap.cpp(67)] SGRenderLog:CheckUpdate finish: new version:5
[12716:18268:0714/150007.618:WARNING:n_flashIPCUtil.cpp(124)] n_flashIPCUtil::IPCNSync t_flashStubImpl::CreateControl
[12716:29132:0714/150007.619:WARNING:t_skinfilemap.cpp(63)] SGRenderLog:CheckUpdate newMem.OpenMem Suc, szNewMem:Local\sgime_skin_flash2553.v10.filemap.sogouime
[12716:29132:0714/150007.619:WARNING:t_skinfilemap.cpp(65)] SGRenderLog:CheckUpdate finish: old version:1
[12716:29132:0714/150007.619:WARNING:t_skinfilemap.cpp(67)] SGRenderLog:CheckUpdate finish: new version:10
[12716:29132:0714/150007.619:WARNING:t_skinfilemap.cpp(63)] SGRenderLog:CheckUpdate newMem.OpenMem Suc, szNewMem:Local\sgime_skin_flash2553.v10.filemap.sogouime
[12716:29132:0714/150007.619:WARNING:t_skinfilemap.cpp(65)] SGRenderLog:CheckUpdate finish: old version:10
[12716:29132:0714/150007.619:WARNING:t_skinfilemap.cpp(67)] SGRenderLog:CheckUpdate finish: new version:10
[11404:23436:0714/150343.794:WARNING:t_skinfilemap.cpp(56)] SGRenderLog:CheckUpdate newMem.OpenMem failed, szNewMem:Local\sgime_skin.v5.filemap.sogouime err:系统错误2: 系统找不到指定的文件。  
打开Filemap失败: Local\sgime_skin.v5.filemap.sogouime3285e1e0927
[11404:23436:0714/150343.794:WARNING:t_skinfilemap.cpp(65)] SGRenderLog:CheckUpdate finish: old version:1
[11404:23436:0714/150343.794:WARNING:t_skinfilemap.cpp(67)] SGRenderLog:CheckUpdate finish: new version:5
[11404:23436:0714/150344.031:WARNING:t_skinfilemap.cpp(63)] SGRenderLog:CheckUpdate newMem.OpenMem Suc, szNewMem:Local\sgime_skin.Dpi120.v5.filemap.sogouime
[11404:23436:0714/150344.031:WARNING:t_skinfilemap.cpp(65)] SGRenderLog:CheckUpdate finish: old version:5
[11404:23436:0714/150344.031:WARNING:t_skinfilemap.cpp(67)] SGRenderLog:CheckUpdate finish: new version:5
[11404:19440:0714/150344.344:WARNING:n_flashIPCUtil.cpp(124)] n_flashIPCUtil::IPCNSync t_flashStubImpl::CreateControl
[11404:23436:0714/150344.345:WARNING:t_skinfilemap.cpp(63)] SGRenderLog:CheckUpdate newMem.OpenMem Suc, szNewMem:Local\sgime_skin_flash2553.v10.filemap.sogouime
[11404:23436:0714/150344.345:WARNING:t_skinfilemap.cpp(65)] SGRenderLog:CheckUpdate finish: old version:1
[11404:23436:0714/150344.345:WARNING:t_skinfilemap.cpp(67)] SGRenderLog:CheckUpdate finish: new version:10
[11404:23436:0714/150344.345:WARNING:t_skinfilemap.cpp(63)] SGRenderLog:CheckUpdate newMem.OpenMem Suc, szNewMem:Local\sgime_skin_flash2553.v10.filemap.sogouime
[11404:23436:0714/150344.345:WARNING:t_skinfilemap.cpp(65)] SGRenderLog:CheckUpdate finish: old version:10
[11404:23436:0714/150344.345:WARNING:t_skinfilemap.cpp(67)] SGRenderLog:CheckUpdate finish: new version:10
[25804:36356:0714/151022.556:WARNING:t_skinfilemap.cpp(56)] SGRenderLog:CheckUpdate newMem.OpenMem failed, szNewMem:Local\sgime_skin.v5.filemap.sogouime err:系统错误2: 系统找不到指定的文件。  
打开Filemap失败: Local\sgime_skin.v5.filemap.sogouime3285e1e0927
[25804:36356:0714/151022.556:WARNING:t_skinfilemap.cpp(65)] SGRenderLog:CheckUpdate finish: old version:1
[25804:36356:0714/151022.556:WARNING:t_skinfilemap.cpp(67)] SGRenderLog:CheckUpdate finish: new version:5
[25804:36356:0714/151022.822:WARNING:t_skinfilemap.cpp(63)] SGRenderLog:CheckUpdate newMem.OpenMem Suc, szNewMem:Local\sgime_skin.Dpi120.v5.filemap.sogouime
[25804:36356:0714/151022.822:WARNING:t_skinfilemap.cpp(65)] SGRenderLog:CheckUpdate finish: old version:5
[25804:36356:0714/151022.822:WARNING:t_skinfilemap.cpp(67)] SGRenderLog:CheckUpdate finish: new version:5
[25804:24980:0714/151022.871:WARNING:n_flashIPCUtil.cpp(124)] n_flashIPCUtil::IPCNSync t_flashStubImpl::CreateControl
[25804:36356:0714/151022.872:WARNING:t_skinfilemap.cpp(63)] SGRenderLog:CheckUpdate newMem.OpenMem Suc, szNewMem:Local\sgime_skin_flash2553.v10.filemap.sogouime
[25804:36356:0714/151022.872:WARNING:t_skinfilemap.cpp(65)] SGRenderLog:CheckUpdate finish: old version:1
[25804:36356:0714/151022.872:WARNING:t_skinfilemap.cpp(67)] SGRenderLog:CheckUpdate finish: new version:10
[25804:36356:0714/151022.872:WARNING:t_skinfilemap.cpp(63)] SGRenderLog:CheckUpdate newMem.OpenMem Suc, szNewMem:Local\sgime_skin_flash2553.v10.filemap.sogouime
[25804:36356:0714/151022.872:WARNING:t_skinfilemap.cpp(65)] SGRenderLog:CheckUpdate finish: old version:10
[25804:36356:0714/151022.872:WARNING:t_skinfilemap.cpp(67)] SGRenderLog:CheckUpdate finish: new version:10
[37588:19440:0714/151911.275:WARNING:t_skinfilemap.cpp(56)] SGRenderLog:CheckUpdate newMem.OpenMem failed, szNewMem:Local\sgime_skin.v5.filemap.sogouime err:系统错误2: 系统找不到指定的文件。  
打开Filemap失败: Local\sgime_skin.v5.filemap.sogouime3285e1e0927
[37588:19440:0714/151911.276:WARNING:t_skinfilemap.cpp(65)] SGRenderLog:CheckUpdate finish: old version:1
[37588:19440:0714/151911.276:WARNING:t_skinfilemap.cpp(67)] SGRenderLog:CheckUpdate finish: new version:5
[37588:19440:0714/151911.522:WARNING:t_skinfilemap.cpp(63)] SGRenderLog:CheckUpdate newMem.OpenMem Suc, szNewMem:Local\sgime_skin.Dpi120.v5.filemap.sogouime
[37588:19440:0714/151911.522:WARNING:t_skinfilemap.cpp(65)] SGRenderLog:CheckUpdate finish: old version:5
[37588:19440:0714/151911.522:WARNING:t_skinfilemap.cpp(67)] SGRenderLog:CheckUpdate finish: new version:5
[37588:34360:0714/151911.841:WARNING:n_flashIPCUtil.cpp(124)] n_flashIPCUtil::IPCNSync t_flashStubImpl::CreateControl
[37588:19440:0714/151911.842:WARNING:t_skinfilemap.cpp(63)] SGRenderLog:CheckUpdate newMem.OpenMem Suc, szNewMem:Local\sgime_skin_flash2553.v10.filemap.sogouime
[37588:19440:0714/151911.842:WARNING:t_skinfilemap.cpp(65)] SGRenderLog:CheckUpdate finish: old version:1
[37588:19440:0714/151911.842:WARNING:t_skinfilemap.cpp(67)] SGRenderLog:CheckUpdate finish: new version:10
[37588:19440:0714/151911.842:WARNING:t_skinfilemap.cpp(63)] SGRenderLog:CheckUpdate newMem.OpenMem Suc, szNewMem:Local\sgime_skin_flash2553.v10.filemap.sogouime
[37588:19440:0714/151911.842:WARNING:t_skinfilemap.cpp(65)] SGRenderLog:CheckUpdate finish: old version:10
[37588:19440:0714/151911.842:WARNING:t_skinfilemap.cpp(67)] SGRenderLog:CheckUpdate finish: new version:10
[34576:31616:0714/152814.526:WARNING:t_skinfilemap.cpp(56)] SGRenderLog:CheckUpdate newMem.OpenMem failed, szNewMem:Local\sgime_skin.v5.filemap.sogouime err:系统错误2: 系统找不到指定的文件。  
打开Filemap失败: Local\sgime_skin.v5.filemap.sogouime3285e1e0927
[34576:31616:0714/152814.526:WARNING:t_skinfilemap.cpp(65)] SGRenderLog:CheckUpdate finish: old version:1
[34576:31616:0714/152814.526:WARNING:t_skinfilemap.cpp(67)] SGRenderLog:CheckUpdate finish: new version:5
[34576:31616:0714/152814.837:WARNING:t_skinfilemap.cpp(63)] SGRenderLog:CheckUpdate newMem.OpenMem Suc, szNewMem:Local\sgime_skin.Dpi120.v5.filemap.sogouime
[34576:31616:0714/152814.837:WARNING:t_skinfilemap.cpp(65)] SGRenderLog:CheckUpdate finish: old version:5
[34576:31616:0714/152814.837:WARNING:t_skinfilemap.cpp(67)] SGRenderLog:CheckUpdate finish: new version:5
[34576:30116:0714/152814.877:WARNING:n_flashIPCUtil.cpp(124)] n_flashIPCUtil::IPCNSync t_flashStubImpl::CreateControl
[34576:31616:0714/152814.877:WARNING:t_skinfilemap.cpp(63)] SGRenderLog:CheckUpdate newMem.OpenMem Suc, szNewMem:Local\sgime_skin_flash2553.v10.filemap.sogouime
[34576:31616:0714/152814.877:WARNING:t_skinfilemap.cpp(65)] SGRenderLog:CheckUpdate finish: old version:1
[34576:31616:0714/152814.877:WARNING:t_skinfilemap.cpp(67)] SGRenderLog:CheckUpdate finish: new version:10
[34576:31616:0714/152814.877:WARNING:t_skinfilemap.cpp(63)] SGRenderLog:CheckUpdate newMem.OpenMem Suc, szNewMem:Local\sgime_skin_flash2553.v10.filemap.sogouime
[34576:31616:0714/152814.877:WARNING:t_skinfilemap.cpp(65)] SGRenderLog:CheckUpdate finish: old version:10
[34576:31616:0714/152814.877:WARNING:t_skinfilemap.cpp(67)] SGRenderLog:CheckUpdate finish: new version:10
[26848:29476:0714/153311.836:WARNING:t_skinfilemap.cpp(56)] SGRenderLog:CheckUpdate newMem.OpenMem failed, szNewMem:Local\sgime_skin.v5.filemap.sogouime err:系统错误2: 系统找不到指定的文件。  
打开Filemap失败: Local\sgime_skin.v5.filemap.sogouime3285e1e0927
[26848:29476:0714/153311.836:WARNING:t_skinfilemap.cpp(65)] SGRenderLog:CheckUpdate finish: old version:1
[26848:29476:0714/153311.836:WARNING:t_skinfilemap.cpp(67)] SGRenderLog:CheckUpdate finish: new version:5
[26848:29476:0714/153312.066:WARNING:t_skinfilemap.cpp(63)] SGRenderLog:CheckUpdate newMem.OpenMem Suc, szNewMem:Local\sgime_skin.Dpi120.v5.filemap.sogouime
[26848:29476:0714/153312.066:WARNING:t_skinfilemap.cpp(65)] SGRenderLog:CheckUpdate finish: old version:5
[26848:29476:0714/153312.066:WARNING:t_skinfilemap.cpp(67)] SGRenderLog:CheckUpdate finish: new version:5
[26848:33144:0714/153312.100:WARNING:n_flashIPCUtil.cpp(124)] n_flashIPCUtil::IPCNSync t_flashStubImpl::CreateControl
[26848:29476:0714/153312.100:WARNING:t_skinfilemap.cpp(63)] SGRenderLog:CheckUpdate newMem.OpenMem Suc, szNewMem:Local\sgime_skin_flash2553.v10.filemap.sogouime
[26848:29476:0714/153312.100:WARNING:t_skinfilemap.cpp(65)] SGRenderLog:CheckUpdate finish: old version:1
[26848:29476:0714/153312.100:WARNING:t_skinfilemap.cpp(67)] SGRenderLog:CheckUpdate finish: new version:10
[26848:29476:0714/153312.100:WARNING:t_skinfilemap.cpp(63)] SGRenderLog:CheckUpdate newMem.OpenMem Suc, szNewMem:Local\sgime_skin_flash2553.v10.filemap.sogouime
[26848:29476:0714/153312.100:WARNING:t_skinfilemap.cpp(65)] SGRenderLog:CheckUpdate finish: old version:10
[26848:29476:0714/153312.100:WARNING:t_skinfilemap.cpp(67)] SGRenderLog:CheckUpdate finish: new version:10
[34692:28352:0714/155622.675:WARNING:t_skinfilemap.cpp(56)] SGRenderLog:CheckUpdate newMem.OpenMem failed, szNewMem:Local\sgime_skin.v5.filemap.sogouime err:系统错误2: 系统找不到指定的文件。  
打开Filemap失败: Local\sgime_skin.v5.filemap.sogouime3285e1e0927
[34692:28352:0714/155622.675:WARNING:t_skinfilemap.cpp(65)] SGRenderLog:CheckUpdate finish: old version:1
[34692:28352:0714/155622.675:WARNING:t_skinfilemap.cpp(67)] SGRenderLog:CheckUpdate finish: new version:5
[34692:28352:0714/155623.104:WARNING:t_skinfilemap.cpp(63)] SGRenderLog:CheckUpdate newMem.OpenMem Suc, szNewMem:Local\sgime_skin.Dpi120.v5.filemap.sogouime
[34692:28352:0714/155623.104:WARNING:t_skinfilemap.cpp(65)] SGRenderLog:CheckUpdate finish: old version:5
[34692:28352:0714/155623.104:WARNING:t_skinfilemap.cpp(67)] SGRenderLog:CheckUpdate finish: new version:5
[34692:38212:0714/155623.529:WARNING:n_flashIPCUtil.cpp(124)] n_flashIPCUtil::IPCNSync t_flashStubImpl::CreateControl
[34692:28352:0714/155623.530:WARNING:t_skinfilemap.cpp(63)] SGRenderLog:CheckUpdate newMem.OpenMem Suc, szNewMem:Local\sgime_skin_flash2553.v10.filemap.sogouime
[34692:28352:0714/155623.530:WARNING:t_skinfilemap.cpp(65)] SGRenderLog:CheckUpdate finish: old version:1
[34692:28352:0714/155623.530:WARNING:t_skinfilemap.cpp(67)] SGRenderLog:CheckUpdate finish: new version:10
[34692:28352:0714/155623.530:WARNING:t_skinfilemap.cpp(63)] SGRenderLog:CheckUpdate newMem.OpenMem Suc, szNewMem:Local\sgime_skin_flash2553.v10.filemap.sogouime
[34692:28352:0714/155623.530:WARNING:t_skinfilemap.cpp(65)] SGRenderLog:CheckUpdate finish: old version:10
[34692:28352:0714/155623.530:WARNING:t_skinfilemap.cpp(67)] SGRenderLog:CheckUpdate finish: new version:10
[31832:31700:0714/173235.016:WARNING:t_skinfilemap.cpp(56)] SGRenderLog:CheckUpdate newMem.OpenMem failed, szNewMem:Local\sgime_skin.v5.filemap.sogouime err:系统错误2: 系统找不到指定的文件。  
打开Filemap失败: Local\sgime_skin.v5.filemap.sogouime3285e1e0927
[31832:31700:0714/173235.016:WARNING:t_skinfilemap.cpp(65)] SGRenderLog:CheckUpdate finish: old version:1
[31832:31700:0714/173235.016:WARNING:t_skinfilemap.cpp(67)] SGRenderLog:CheckUpdate finish: new version:5
[31832:31700:0714/173235.642:WARNING:t_skinfilemap.cpp(63)] SGRenderLog:CheckUpdate newMem.OpenMem Suc, szNewMem:Local\sgime_skin.Dpi120.v5.filemap.sogouime
[31832:31700:0714/173235.642:WARNING:t_skinfilemap.cpp(65)] SGRenderLog:CheckUpdate finish: old version:5
[31832:31700:0714/173235.644:WARNING:t_skinfilemap.cpp(67)] SGRenderLog:CheckUpdate finish: new version:5
[31832:25888:0714/173235.702:WARNING:n_flashIPCUtil.cpp(124)] n_flashIPCUtil::IPCNSync t_flashStubImpl::CreateControl
[31832:31700:0714/173235.704:WARNING:t_skinfilemap.cpp(63)] SGRenderLog:CheckUpdate newMem.OpenMem Suc, szNewMem:Local\sgime_skin_flash2553.v10.filemap.sogouime
[31832:31700:0714/173235.704:WARNING:t_skinfilemap.cpp(65)] SGRenderLog:CheckUpdate finish: old version:1
[31832:31700:0714/173235.704:WARNING:t_skinfilemap.cpp(67)] SGRenderLog:CheckUpdate finish: new version:10
[31832:31700:0714/173235.704:WARNING:t_skinfilemap.cpp(63)] SGRenderLog:CheckUpdate newMem.OpenMem Suc, szNewMem:Local\sgime_skin_flash2553.v10.filemap.sogouime
[31832:31700:0714/173235.704:WARNING:t_skinfilemap.cpp(65)] SGRenderLog:CheckUpdate finish: old version:10
[31832:31700:0714/173235.704:WARNING:t_skinfilemap.cpp(67)] SGRenderLog:CheckUpdate finish: new version:10
[25092:37944:0714/173409.564:WARNING:t_skinfilemap.cpp(56)] SGRenderLog:CheckUpdate newMem.OpenMem failed, szNewMem:Local\sgime_skin.v5.filemap.sogouime err:系统错误2: 系统找不到指定的文件。  
打开Filemap失败: Local\sgime_skin.v5.filemap.sogouime3285e1e0927
[25092:37944:0714/173409.564:WARNING:t_skinfilemap.cpp(65)] SGRenderLog:CheckUpdate finish: old version:1
[25092:37944:0714/173409.564:WARNING:t_skinfilemap.cpp(67)] SGRenderLog:CheckUpdate finish: new version:5
[25092:37944:0714/173409.813:WARNING:t_skinfilemap.cpp(63)] SGRenderLog:CheckUpdate newMem.OpenMem Suc, szNewMem:Local\sgime_skin.Dpi120.v5.filemap.sogouime
[25092:37944:0714/173409.813:WARNING:t_skinfilemap.cpp(65)] SGRenderLog:CheckUpdate finish: old version:5
[25092:37944:0714/173409.813:WARNING:t_skinfilemap.cpp(67)] SGRenderLog:CheckUpdate finish: new version:5
[25092:34400:0714/173409.859:WARNING:n_flashIPCUtil.cpp(124)] n_flashIPCUtil::IPCNSync t_flashStubImpl::CreateControl
[25092:37944:0714/173409.861:WARNING:t_skinfilemap.cpp(63)] SGRenderLog:CheckUpdate newMem.OpenMem Suc, szNewMem:Local\sgime_skin_flash2553.v10.filemap.sogouime
[25092:37944:0714/173409.861:WARNING:t_skinfilemap.cpp(65)] SGRenderLog:CheckUpdate finish: old version:1
[25092:37944:0714/173409.861:WARNING:t_skinfilemap.cpp(67)] SGRenderLog:CheckUpdate finish: new version:10
[25092:37944:0714/173409.861:WARNING:t_skinfilemap.cpp(63)] SGRenderLog:CheckUpdate newMem.OpenMem Suc, szNewMem:Local\sgime_skin_flash2553.v10.filemap.sogouime
[25092:37944:0714/173409.861:WARNING:t_skinfilemap.cpp(65)] SGRenderLog:CheckUpdate finish: old version:10
[25092:37944:0714/173409.861:WARNING:t_skinfilemap.cpp(67)] SGRenderLog:CheckUpdate finish: new version:10
[10732:41320:0714/194844.453:WARNING:t_skinfilemap.cpp(56)] SGRenderLog:CheckUpdate newMem.OpenMem failed, szNewMem:Local\sgime_skin.v5.filemap.sogouime err:系统错误2: 系统找不到指定的文件。  
打开Filemap失败: Local\sgime_skin.v5.filemap.sogouime3285e1e0927
[10732:41320:0714/194844.454:WARNING:t_skinfilemap.cpp(65)] SGRenderLog:CheckUpdate finish: old version:1
[10732:41320:0714/194844.454:WARNING:t_skinfilemap.cpp(67)] SGRenderLog:CheckUpdate finish: new version:5
[10732:41320:0714/194844.987:WARNING:t_skinfilemap.cpp(63)] SGRenderLog:CheckUpdate newMem.OpenMem Suc, szNewMem:Local\sgime_skin.Dpi120.v5.filemap.sogouime
[10732:41320:0714/194844.987:WARNING:t_skinfilemap.cpp(65)] SGRenderLog:CheckUpdate finish: old version:5
[10732:41320:0714/194844.987:WARNING:t_skinfilemap.cpp(67)] SGRenderLog:CheckUpdate finish: new version:5
[10732:28300:0714/194845.795:WARNING:n_flashIPCUtil.cpp(124)] n_flashIPCUtil::IPCNSync t_flashStubImpl::CreateControl
[10732:41320:0714/194845.797:WARNING:t_skinfilemap.cpp(63)] SGRenderLog:CheckUpdate newMem.OpenMem Suc, szNewMem:Local\sgime_skin_flash2553.v10.filemap.sogouime
[10732:41320:0714/194845.797:WARNING:t_skinfilemap.cpp(65)] SGRenderLog:CheckUpdate finish: old version:1
[10732:41320:0714/194845.797:WARNING:t_skinfilemap.cpp(67)] SGRenderLog:CheckUpdate finish: new version:10
[10732:41320:0714/194845.797:WARNING:t_skinfilemap.cpp(63)] SGRenderLog:CheckUpdate newMem.OpenMem Suc, szNewMem:Local\sgime_skin_flash2553.v10.filemap.sogouime
[10732:41320:0714/194845.798:WARNING:t_skinfilemap.cpp(65)] SGRenderLog:CheckUpdate finish: old version:10
[10732:41320:0714/194845.798:WARNING:t_skinfilemap.cpp(67)] SGRenderLog:CheckUpdate finish: new version:10
[28364:33312:0714/195142.500:WARNING:t_skinfilemap.cpp(56)] SGRenderLog:CheckUpdate newMem.OpenMem failed, szNewMem:Local\sgime_skin.v5.filemap.sogouime err:系统错误2: 系统找不到指定的文件。  
打开Filemap失败: Local\sgime_skin.v5.filemap.sogouime3285e1e0927
[28364:33312:0714/195142.500:WARNING:t_skinfilemap.cpp(65)] SGRenderLog:CheckUpdate finish: old version:1
[28364:33312:0714/195142.500:WARNING:t_skinfilemap.cpp(67)] SGRenderLog:CheckUpdate finish: new version:5
[28364:33312:0714/195143.234:WARNING:t_skinfilemap.cpp(63)] SGRenderLog:CheckUpdate newMem.OpenMem Suc, szNewMem:Local\sgime_skin.Dpi120.v5.filemap.sogouime
[28364:33312:0714/195143.234:WARNING:t_skinfilemap.cpp(65)] SGRenderLog:CheckUpdate finish: old version:5
[28364:33312:0714/195143.234:WARNING:t_skinfilemap.cpp(67)] SGRenderLog:CheckUpdate finish: new version:5
[28364:41828:0714/195143.839:WARNING:n_flashIPCUtil.cpp(124)] n_flashIPCUtil::IPCNSync t_flashStubImpl::CreateControl
[28364:33312:0714/195143.841:WARNING:t_skinfilemap.cpp(63)] SGRenderLog:CheckUpdate newMem.OpenMem Suc, szNewMem:Local\sgime_skin_flash2553.v10.filemap.sogouime
[28364:33312:0714/195143.841:WARNING:t_skinfilemap.cpp(65)] SGRenderLog:CheckUpdate finish: old version:1
[28364:33312:0714/195143.841:WARNING:t_skinfilemap.cpp(67)] SGRenderLog:CheckUpdate finish: new version:10
[28364:33312:0714/195143.841:WARNING:t_skinfilemap.cpp(63)] SGRenderLog:CheckUpdate newMem.OpenMem Suc, szNewMem:Local\sgime_skin_flash2553.v10.filemap.sogouime
[28364:33312:0714/195143.841:WARNING:t_skinfilemap.cpp(65)] SGRenderLog:CheckUpdate finish: old version:10
[28364:33312:0714/195143.841:WARNING:t_skinfilemap.cpp(67)] SGRenderLog:CheckUpdate finish: new version:10
[39604:22080:0714/195407.175:WARNING:t_skinfilemap.cpp(56)] SGRenderLog:CheckUpdate newMem.OpenMem failed, szNewMem:Local\sgime_skin.v5.filemap.sogouime err:系统错误2: 系统找不到指定的文件。  
打开Filemap失败: Local\sgime_skin.v5.filemap.sogouime3285e1e0927
[39604:22080:0714/195407.175:WARNING:t_skinfilemap.cpp(65)] SGRenderLog:CheckUpdate finish: old version:1
[39604:22080:0714/195407.175:WARNING:t_skinfilemap.cpp(67)] SGRenderLog:CheckUpdate finish: new version:5
[39604:22080:0714/195407.583:WARNING:t_skinfilemap.cpp(63)] SGRenderLog:CheckUpdate newMem.OpenMem Suc, szNewMem:Local\sgime_skin.Dpi120.v5.filemap.sogouime
[39604:22080:0714/195407.583:WARNING:t_skinfilemap.cpp(65)] SGRenderLog:CheckUpdate finish: old version:5
[39604:22080:0714/195407.583:WARNING:t_skinfilemap.cpp(67)] SGRenderLog:CheckUpdate finish: new version:5
[39604:5700:0714/195408.308:WARNING:n_flashIPCUtil.cpp(124)] n_flashIPCUtil::IPCNSync t_flashStubImpl::CreateControl
[39604:22080:0714/195408.310:WARNING:t_skinfilemap.cpp(63)] SGRenderLog:CheckUpdate newMem.OpenMem Suc, szNewMem:Local\sgime_skin_flash2553.v10.filemap.sogouime
[39604:22080:0714/195408.310:WARNING:t_skinfilemap.cpp(65)] SGRenderLog:CheckUpdate finish: old version:1
[39604:22080:0714/195408.310:WARNING:t_skinfilemap.cpp(67)] SGRenderLog:CheckUpdate finish: new version:10
[39604:22080:0714/195408.310:WARNING:t_skinfilemap.cpp(63)] SGRenderLog:CheckUpdate newMem.OpenMem Suc, szNewMem:Local\sgime_skin_flash2553.v10.filemap.sogouime
[39604:22080:0714/195408.310:WARNING:t_skinfilemap.cpp(65)] SGRenderLog:CheckUpdate finish: old version:10
[39604:22080:0714/195408.310:WARNING:t_skinfilemap.cpp(67)] SGRenderLog:CheckUpdate finish: new version:10
[20296:21428:0714/195628.591:WARNING:t_skinfilemap.cpp(56)] SGRenderLog:CheckUpdate newMem.OpenMem failed, szNewMem:Local\sgime_skin.v5.filemap.sogouime err:系统错误2: 系统找不到指定的文件。  
打开Filemap失败: Local\sgime_skin.v5.filemap.sogouime3285e1e0927
[20296:21428:0714/195628.592:WARNING:t_skinfilemap.cpp(65)] SGRenderLog:CheckUpdate finish: old version:1
[20296:21428:0714/195628.592:WARNING:t_skinfilemap.cpp(67)] SGRenderLog:CheckUpdate finish: new version:5
[20296:21428:0714/195628.999:WARNING:t_skinfilemap.cpp(63)] SGRenderLog:CheckUpdate newMem.OpenMem Suc, szNewMem:Local\sgime_skin.Dpi120.v5.filemap.sogouime
[20296:21428:0714/195628.999:WARNING:t_skinfilemap.cpp(65)] SGRenderLog:CheckUpdate finish: old version:5
[20296:21428:0714/195628.999:WARNING:t_skinfilemap.cpp(67)] SGRenderLog:CheckUpdate finish: new version:5
[20296:1492:0714/195629.564:WARNING:n_flashIPCUtil.cpp(124)] n_flashIPCUtil::IPCNSync t_flashStubImpl::CreateControl
[20296:21428:0714/195629.565:WARNING:t_skinfilemap.cpp(63)] SGRenderLog:CheckUpdate newMem.OpenMem Suc, szNewMem:Local\sgime_skin_flash2553.v10.filemap.sogouime
[20296:21428:0714/195629.565:WARNING:t_skinfilemap.cpp(65)] SGRenderLog:CheckUpdate finish: old version:1
[20296:21428:0714/195629.565:WARNING:t_skinfilemap.cpp(67)] SGRenderLog:CheckUpdate finish: new version:10
[20296:21428:0714/195629.565:WARNING:t_skinfilemap.cpp(63)] SGRenderLog:CheckUpdate newMem.OpenMem Suc, szNewMem:Local\sgime_skin_flash2553.v10.filemap.sogouime
[20296:21428:0714/195629.565:WARNING:t_skinfilemap.cpp(65)] SGRenderLog:CheckUpdate finish: old version:10
[20296:21428:0714/195629.565:WARNING:t_skinfilemap.cpp(67)] SGRenderLog:CheckUpdate finish: new version:10
[38376:34712:0714/195950.597:WARNING:t_skinfilemap.cpp(56)] SGRenderLog:CheckUpdate newMem.OpenMem failed, szNewMem:Local\sgime_skin.v5.filemap.sogouime err:系统错误2: 系统找不到指定的文件。  
打开Filemap失败: Local\sgime_skin.v5.filemap.sogouime3285e1e0927
[38376:34712:0714/195950.598:WARNING:t_skinfilemap.cpp(65)] SGRenderLog:CheckUpdate finish: old version:1
[38376:34712:0714/195950.598:WARNING:t_skinfilemap.cpp(67)] SGRenderLog:CheckUpdate finish: new version:5
[38376:34712:0714/195950.943:WARNING:t_skinfilemap.cpp(63)] SGRenderLog:CheckUpdate newMem.OpenMem Suc, szNewMem:Local\sgime_skin.Dpi120.v5.filemap.sogouime
[38376:34712:0714/195950.943:WARNING:t_skinfilemap.cpp(65)] SGRenderLog:CheckUpdate finish: old version:5
[38376:34712:0714/195950.943:WARNING:t_skinfilemap.cpp(67)] SGRenderLog:CheckUpdate finish: new version:5
[38376:34420:0714/195951.045:WARNING:n_flashIPCUtil.cpp(124)] n_flashIPCUtil::IPCNSync t_flashStubImpl::CreateControl
[38376:34712:0714/195951.047:WARNING:t_skinfilemap.cpp(63)] SGRenderLog:CheckUpdate newMem.OpenMem Suc, szNewMem:Local\sgime_skin_flash2553.v10.filemap.sogouime
[38376:34712:0714/195951.047:WARNING:t_skinfilemap.cpp(65)] SGRenderLog:CheckUpdate finish: old version:1
[38376:34712:0714/195951.047:WARNING:t_skinfilemap.cpp(67)] SGRenderLog:CheckUpdate finish: new version:10
[38376:34712:0714/195951.047:WARNING:t_skinfilemap.cpp(63)] SGRenderLog:CheckUpdate newMem.OpenMem Suc, szNewMem:Local\sgime_skin_flash2553.v10.filemap.sogouime
[38376:34712:0714/195951.047:WARNING:t_skinfilemap.cpp(65)] SGRenderLog:CheckUpdate finish: old version:10
[38376:34712:0714/195951.047:WARNING:t_skinfilemap.cpp(67)] SGRenderLog:CheckUpdate finish: new version:10
[34264:40032:0714/200445.254:WARNING:t_skinfilemap.cpp(56)] SGRenderLog:CheckUpdate newMem.OpenMem failed, szNewMem:Local\sgime_skin.v5.filemap.sogouime err:系统错误2: 系统找不到指定的文件。  
打开Filemap失败: Local\sgime_skin.v5.filemap.sogouime3285e1e0927
[34264:40032:0714/200445.254:WARNING:t_skinfilemap.cpp(65)] SGRenderLog:CheckUpdate finish: old version:1
[34264:40032:0714/200445.254:WARNING:t_skinfilemap.cpp(67)] SGRenderLog:CheckUpdate finish: new version:5
[34264:40032:0714/200445.907:WARNING:t_skinfilemap.cpp(63)] SGRenderLog:CheckUpdate newMem.OpenMem Suc, szNewMem:Local\sgime_skin.Dpi120.v5.filemap.sogouime
[34264:40032:0714/200445.907:WARNING:t_skinfilemap.cpp(65)] SGRenderLog:CheckUpdate finish: old version:5
[34264:40032:0714/200445.907:WARNING:t_skinfilemap.cpp(67)] SGRenderLog:CheckUpdate finish: new version:5
[34264:3836:0714/200446.420:WARNING:n_flashIPCUtil.cpp(124)] n_flashIPCUtil::IPCNSync t_flashStubImpl::CreateControl
[34264:40032:0714/200446.420:WARNING:t_skinfilemap.cpp(63)] SGRenderLog:CheckUpdate newMem.OpenMem Suc, szNewMem:Local\sgime_skin_flash2553.v10.filemap.sogouime
[34264:40032:0714/200446.421:WARNING:t_skinfilemap.cpp(65)] SGRenderLog:CheckUpdate finish: old version:1
[34264:40032:0714/200446.421:WARNING:t_skinfilemap.cpp(67)] SGRenderLog:CheckUpdate finish: new version:10
[34264:40032:0714/200446.421:WARNING:t_skinfilemap.cpp(63)] SGRenderLog:CheckUpdate newMem.OpenMem Suc, szNewMem:Local\sgime_skin_flash2553.v10.filemap.sogouime
[34264:40032:0714/200446.421:WARNING:t_skinfilemap.cpp(65)] SGRenderLog:CheckUpdate finish: old version:10
[34264:40032:0714/200446.421:WARNING:t_skinfilemap.cpp(67)] SGRenderLog:CheckUpdate finish: new version:10
[3544:38676:0714/201200.593:WARNING:t_skinfilemap.cpp(56)] SGRenderLog:CheckUpdate newMem.OpenMem failed, szNewMem:Local\sgime_skin.v5.filemap.sogouime err:系统错误2: 系统找不到指定的文件。  
打开Filemap失败: Local\sgime_skin.v5.filemap.sogouime3285e1e0927
[3544:38676:0714/201200.593:WARNING:t_skinfilemap.cpp(65)] SGRenderLog:CheckUpdate finish: old version:1
[3544:38676:0714/201200.593:WARNING:t_skinfilemap.cpp(67)] SGRenderLog:CheckUpdate finish: new version:5
[3544:38676:0714/201201.129:WARNING:t_skinfilemap.cpp(63)] SGRenderLog:CheckUpdate newMem.OpenMem Suc, szNewMem:Local\sgime_skin.Dpi120.v5.filemap.sogouime
[3544:38676:0714/201201.129:WARNING:t_skinfilemap.cpp(65)] SGRenderLog:CheckUpdate finish: old version:5
[3544:38676:0714/201201.129:WARNING:t_skinfilemap.cpp(67)] SGRenderLog:CheckUpdate finish: new version:5
[3544:25064:0714/201201.263:WARNING:n_flashIPCUtil.cpp(124)] n_flashIPCUtil::IPCNSync t_flashStubImpl::CreateControl
[3544:38676:0714/201201.264:WARNING:t_skinfilemap.cpp(63)] SGRenderLog:CheckUpdate newMem.OpenMem Suc, szNewMem:Local\sgime_skin_flash2553.v10.filemap.sogouime
[3544:38676:0714/201201.264:WARNING:t_skinfilemap.cpp(65)] SGRenderLog:CheckUpdate finish: old version:1
[3544:38676:0714/201201.264:WARNING:t_skinfilemap.cpp(67)] SGRenderLog:CheckUpdate finish: new version:10
[3544:38676:0714/201201.264:WARNING:t_skinfilemap.cpp(63)] SGRenderLog:CheckUpdate newMem.OpenMem Suc, szNewMem:Local\sgime_skin_flash2553.v10.filemap.sogouime
[3544:38676:0714/201201.264:WARNING:t_skinfilemap.cpp(65)] SGRenderLog:CheckUpdate finish: old version:10
[3544:38676:0714/201201.264:WARNING:t_skinfilemap.cpp(67)] SGRenderLog:CheckUpdate finish: new version:10
[41704:38204:0714/202342.160:WARNING:t_skinfilemap.cpp(56)] SGRenderLog:CheckUpdate newMem.OpenMem failed, szNewMem:Local\sgime_skin.v5.filemap.sogouime err:系统错误2: 系统找不到指定的文件。  
打开Filemap失败: Local\sgime_skin.v5.filemap.sogouime3285e1e0927
[41704:38204:0714/202342.160:WARNING:t_skinfilemap.cpp(65)] SGRenderLog:CheckUpdate finish: old version:1
[41704:38204:0714/202342.160:WARNING:t_skinfilemap.cpp(67)] SGRenderLog:CheckUpdate finish: new version:5
[41704:38204:0714/202342.661:WARNING:t_skinfilemap.cpp(63)] SGRenderLog:CheckUpdate newMem.OpenMem Suc, szNewMem:Local\sgime_skin.Dpi120.v5.filemap.sogouime
[41704:38204:0714/202342.661:WARNING:t_skinfilemap.cpp(65)] SGRenderLog:CheckUpdate finish: old version:5
[41704:38204:0714/202342.661:WARNING:t_skinfilemap.cpp(67)] SGRenderLog:CheckUpdate finish: new version:5
[41704:14448:0714/202343.298:WARNING:n_flashIPCUtil.cpp(124)] n_flashIPCUtil::IPCNSync t_flashStubImpl::CreateControl
[41704:38204:0714/202343.299:WARNING:t_skinfilemap.cpp(63)] SGRenderLog:CheckUpdate newMem.OpenMem Suc, szNewMem:Local\sgime_skin_flash2553.v10.filemap.sogouime
[41704:38204:0714/202343.299:WARNING:t_skinfilemap.cpp(65)] SGRenderLog:CheckUpdate finish: old version:1
[41704:38204:0714/202343.299:WARNING:t_skinfilemap.cpp(67)] SGRenderLog:CheckUpdate finish: new version:10
[41704:38204:0714/202343.299:WARNING:t_skinfilemap.cpp(63)] SGRenderLog:CheckUpdate newMem.OpenMem Suc, szNewMem:Local\sgime_skin_flash2553.v10.filemap.sogouime
[41704:38204:0714/202343.299:WARNING:t_skinfilemap.cpp(65)] SGRenderLog:CheckUpdate finish: old version:10
[41704:38204:0714/202343.300:WARNING:t_skinfilemap.cpp(67)] SGRenderLog:CheckUpdate finish: new version:10
[33916:39136:0714/202726.379:WARNING:t_skinfilemap.cpp(56)] SGRenderLog:CheckUpdate newMem.OpenMem failed, szNewMem:Local\sgime_skin.v5.filemap.sogouime err:系统错误2: 系统找不到指定的文件。  
打开Filemap失败: Local\sgime_skin.v5.filemap.sogouime3285e1e0927
[33916:39136:0714/202726.379:WARNING:t_skinfilemap.cpp(65)] SGRenderLog:CheckUpdate finish: old version:1
[33916:39136:0714/202726.379:WARNING:t_skinfilemap.cpp(67)] SGRenderLog:CheckUpdate finish: new version:5
[33916:39136:0714/202727.253:WARNING:t_skinfilemap.cpp(63)] SGRenderLog:CheckUpdate newMem.OpenMem Suc, szNewMem:Local\sgime_skin.Dpi120.v5.filemap.sogouime
[33916:39136:0714/202727.253:WARNING:t_skinfilemap.cpp(65)] SGRenderLog:CheckUpdate finish: old version:5
[33916:39136:0714/202727.253:WARNING:t_skinfilemap.cpp(67)] SGRenderLog:CheckUpdate finish: new version:5
[33916:40284:0714/202728.010:WARNING:n_flashIPCUtil.cpp(124)] n_flashIPCUtil::IPCNSync t_flashStubImpl::CreateControl
[33916:39136:0714/202728.011:WARNING:t_skinfilemap.cpp(63)] SGRenderLog:CheckUpdate newMem.OpenMem Suc, szNewMem:Local\sgime_skin_flash2553.v10.filemap.sogouime
[33916:39136:0714/202728.011:WARNING:t_skinfilemap.cpp(65)] SGRenderLog:CheckUpdate finish: old version:1
[33916:39136:0714/202728.011:WARNING:t_skinfilemap.cpp(67)] SGRenderLog:CheckUpdate finish: new version:10
[33916:39136:0714/202728.011:WARNING:t_skinfilemap.cpp(63)] SGRenderLog:CheckUpdate newMem.OpenMem Suc, szNewMem:Local\sgime_skin_flash2553.v10.filemap.sogouime
[33916:39136:0714/202728.011:WARNING:t_skinfilemap.cpp(65)] SGRenderLog:CheckUpdate finish: old version:10
[33916:39136:0714/202728.011:WARNING:t_skinfilemap.cpp(67)] SGRenderLog:CheckUpdate finish: new version:10
[39652:39364:0714/203043.771:WARNING:t_skinfilemap.cpp(56)] SGRenderLog:CheckUpdate newMem.OpenMem failed, szNewMem:Local\sgime_skin.v5.filemap.sogouime err:系统错误2: 系统找不到指定的文件。  
打开Filemap失败: Local\sgime_skin.v5.filemap.sogouime3285e1e0927
[39652:39364:0714/203043.771:WARNING:t_skinfilemap.cpp(65)] SGRenderLog:CheckUpdate finish: old version:1
[39652:39364:0714/203043.771:WARNING:t_skinfilemap.cpp(67)] SGRenderLog:CheckUpdate finish: new version:5
[39652:39364:0714/203044.381:WARNING:t_skinfilemap.cpp(63)] SGRenderLog:CheckUpdate newMem.OpenMem Suc, szNewMem:Local\sgime_skin.Dpi120.v5.filemap.sogouime
[39652:39364:0714/203044.381:WARNING:t_skinfilemap.cpp(65)] SGRenderLog:CheckUpdate finish: old version:5
[39652:39364:0714/203044.381:WARNING:t_skinfilemap.cpp(67)] SGRenderLog:CheckUpdate finish: new version:5
[39652:36292:0714/203045.098:WARNING:n_flashIPCUtil.cpp(124)] n_flashIPCUtil::IPCNSync t_flashStubImpl::CreateControl
[39652:39364:0714/203045.100:WARNING:t_skinfilemap.cpp(63)] SGRenderLog:CheckUpdate newMem.OpenMem Suc, szNewMem:Local\sgime_skin_flash2553.v10.filemap.sogouime
[39652:39364:0714/203045.100:WARNING:t_skinfilemap.cpp(65)] SGRenderLog:CheckUpdate finish: old version:1
[39652:39364:0714/203045.100:WARNING:t_skinfilemap.cpp(67)] SGRenderLog:CheckUpdate finish: new version:10
[39652:39364:0714/203045.100:WARNING:t_skinfilemap.cpp(63)] SGRenderLog:CheckUpdate newMem.OpenMem Suc, szNewMem:Local\sgime_skin_flash2553.v10.filemap.sogouime
[39652:39364:0714/203045.100:WARNING:t_skinfilemap.cpp(65)] SGRenderLog:CheckUpdate finish: old version:10
[39652:39364:0714/203045.100:WARNING:t_skinfilemap.cpp(67)] SGRenderLog:CheckUpdate finish: new version:10
